path : /home/eclab/shell_test/news_row//
data Folder was created
log Folder was created
Program run at 20151209204313
Program crawl news from 2015.12.08 to 2015.12.08
Logged at 20151209204313.log
2015.12.08
path : /home/eclab/shell_test/news_row//
Program run at 20151209204841
Program crawl news from 2015.12.08 to 2015.12.08
Logged at 20151209204841.log
2015.12.08
newsCount = 493
Making /home/eclab/shell_test/news_row//data/201512/ Folder failed
Making /home/eclab/shell_test/news_row//data/201512/ Folder failed
Making /home/eclab/shell_test/news_row//data/201512/ Folder failed
Making /home/eclab/shell_test/news_row//data/201512/ Folder failed
Making /home/eclab/shell_test/news_row//data/201512/ Folder failed
Making /home/eclab/shell_test/news_row//data/201512/ Folder failed
Making /home/eclab/shell_test/news_row//data/201512/ Folder failed
Making /home/eclab/shell_test/news_row//data/201512/ Folder failed
Making /home/eclab/shell_test/news_row//data/201512/ Folder failed
Making /home/eclab/shell_test/news_row//data/201512/ Folder failed
Making /home/eclab/shell_test/news_row//data/201512/ Folder failed
path : /home/eclab/shell_test/news_row//
Program run at 20151209204935
Program crawl news from 2015.12.08 to 2015.12.08
Logged at 20151209204935.log
2015.12.08
newsCount = 493
Making /home/eclab/shell_test/news_row//data/201512/ Folder failed
Making /home/eclab/shell_test/news_row//data/201512/ Folder failed
Making /home/eclab/shell_test/news_row//data/201512/ Folder failed
Making /home/eclab/shell_test/news_row//data/201512/ Folder failed
Making /home/eclab/shell_test/news_row//data/201512/ Folder failed
Making /home/eclab/shell_test/news_row//data/201512/ Folder failed
Making /home/eclab/shell_test/news_row//data/201512/ Folder failed
Making /home/eclab/shell_test/news_row//data/201512/ Folder failed
Making /home/eclab/shell_test/news_row//data/201512/ Folder failed
Making /home/eclab/shell_test/news_row//data/201512/ Folder failed
Making /home/eclab/shell_test/news_row//data/201512/ Folder failed
Making /home/eclab/shell_test/news_row//data/201512/ Folder failed
Making /home/eclab/shell_test/news_row//data/201512/ Folder failed
Making /home/eclab/shell_test/news_row//data/201512/ Folder failed
Making /home/eclab/shell_test/news_row//data/201512/ Folder failed
Making /home/eclab/shell_test/news_row//data/201512/ Folder failed
Making /home/eclab/shell_test/news_row//data/201512/ Folder failed
Making /home/eclab/shell_test/news_row//data/201512/ Folder failed
Making /home/eclab/shell_test/news_row//data/201512/ Folder failed
Making /home/eclab/shell_test/news_row//data/201512/ Folder failed
Making /home/eclab/shell_test/news_row//data/201512/ Folder failed
Making /home/eclab/shell_test/news_row//data/201512/ Folder failed
Making /home/eclab/shell_test/news_row//data/201512/ Folder failed
Making /home/eclab/shell_test/news_row//data/201512/ Folder failed
Making /home/eclab/shell_test/news_row//data/201512/ Folder failed
Making /home/eclab/shell_test/news_row//data/201512/ Folder failed
Making /home/eclab/shell_test/news_row//data/201512/ Folder failed
Making /home/eclab/shell_test/news_row//data/201512/ Folder failed
Making /home/eclab/shell_test/news_row//data/201512/ Folder failed
Making /home/eclab/shell_test/news_row//data/201512/ Folder failed
Making /home/eclab/shell_test/news_row//data/201512/ Folder failed
Making /home/eclab/shell_test/news_row//data/201512/ Folder failed
Making /home/eclab/shell_test/news_row//data/201512/ Folder failed
Making /home/eclab/shell_test/news_row//data/201512/ Folder failed
Making /home/eclab/shell_test/news_row//data/201512/ Folder failed
Making /home/eclab/shell_test/news_row//data/201512/ Folder failed
path : /home/eclab/shell_test/news_row//
Program run at 20151209205426
Program crawl news from 2015.12.08 to 2015.12.08
Logged at 20151209205426.log
2015.12.08
newsCount = 493
data/201512/ Folder was created
path : /home/eclab/shell_test/news_row//
Program run at 20151209205509
Program crawl news from 2015.12.08 to 2015.12.08
Logged at 20151209205509.log
2015.12.08
newsCount = 493
